<?xml version="1.0" encoding="UTF-8"?>
<!-- Generated by org.testng.reporters.JUnitXMLReporter -->
<testsuite hostname="DESKTOP-71MVPRD" ignored="8" name="Default test" tests="1" failures="0" timestamp="2022-08-26T23:42:12 IST" time="56.284" errors="0">
  <testcase name="buyShareFromWatchlistWithIntradayQtyPriceLimit" time="10.167" classname="test.HomePageTest"/>
  <testcase name="searchStockClickOnSearchChart" time="0.0" classname="test.HomePageTest">
    <ignored/>
  </testcase> <!-- searchStockClickOnSearchChart -->
  <testcase name="searchStockClickOnSearchSell" time="0.0" classname="test.HomePageTest">
    <ignored/>
  </testcase> <!-- searchStockClickOnSearchSell -->
  <testcase name="searchStockClickOnSearchMarketDepth" time="0.0" classname="test.HomePageTest">
    <ignored/>
  </testcase> <!-- searchStockClickOnSearchMarketDepth -->
  <testcase name="searchStockClickOnSearchAddToWatchlist" time="0.0" classname="test.HomePageTest">
    <ignored/>
  </testcase> <!-- searchStockClickOnSearchAddToWatchlist -->
  <testcase name="searchStockVerifyStockListAutopopulated" time="0.0" classname="test.HomePageTest">
    <ignored/>
  </testcase> <!-- searchStockVerifyStockListAutopopulated -->
  <testcase name="searchStockClickOnSearchBuy" time="0.0" classname="test.HomePageTest">
    <ignored/>
  </testcase> <!-- searchStockClickOnSearchBuy -->
  <testcase name="validateWatchlistStockStoringOrNot" time="0.0" classname="test.HomePageTest">
    <ignored/>
  </testcase> <!-- validateWatchlistStockStoringOrNot -->
  <testcase name="deleteStockFromWatchlist" time="0.0" classname="test.HomePageTest">
    <ignored/>
  </testcase> <!-- deleteStockFromWatchlist -->
</testsuite> <!-- Default test -->
