<?xml version="1.0" encoding="UTF-8"?>
<testng-results skipped="0" failed="0" ignored="8" total="9" passed="1">
  <reporter-output>
  </reporter-output>
  <suite name="Default suite" duration-ms="56284" started-at="2022-08-26T23:41:15 IST" finished-at="2022-08-26T23:42:12 IST">
    <groups>
    </groups>
    <test name="Default test" duration-ms="56284" started-at="2022-08-26T23:41:15 IST" finished-at="2022-08-26T23:42:12 IST">
      <class name="test.HomePageTest">
        <test-method status="PASS" signature="browser()[pri:0, instance:test.HomePageTest@25af5db5]" name="browser" is-config="true" duration-ms="45712" started-at="2022-08-26T23:41:15 IST" finished-at="2022-08-26T23:42:01 IST">
          <reporter-output>
          </reporter-output>
        </test-method> <!-- browser -->
        <test-method status="PASS" signature="buyShareFromWatchlistWithIntradayQtyPriceLimit()[pri:0, instance:test.HomePageTest@25af5db5]" name="buyShareFromWatchlistWithIntradayQtyPriceLimit" duration-ms="10167" started-at="2022-08-26T23:42:01 IST" finished-at="2022-08-26T23:42:11 IST">
          <reporter-output>
          </reporter-output>
        </test-method> <!-- buyShareFromWatchlistWithIntradayQtyPriceLimit -->
        <test-method status="PASS" signature="Close()[pri:0, instance:test.HomePageTest@25af5db5]" name="Close" is-config="true" duration-ms="338" started-at="2022-08-26T23:42:11 IST" finished-at="2022-08-26T23:42:12 IST">
          <reporter-output>
          </reporter-output>
        </test-method> <!-- Close -->
      </class> <!-- test.HomePageTest -->
    </test> <!-- Default test -->
  </suite> <!-- Default suite -->
</testng-results>
